s:\大二\大二上\程设\workspace\五子棋作业\x64\release\vc143.pdb
s:\大二\大二上\程设\workspace\五子棋作业\x64\release\menu.obj
s:\大二\大二上\程设\workspace\五子棋作业\x64\release\board.obj
s:\大二\大二上\程设\workspace\五子棋作业\x64\release\game.obj
s:\大二\大二上\程设\workspace\五子棋作业\x64\release\endgame.obj
s:\大二\大二上\程设\workspace\五子棋作业\x64\release\main.obj
s:\大二\大二上\程设\workspace\五子棋作业\x64\release\jugdetest.obj
s:\大二\大二上\程设\workspace\五子棋作业\x64\release\list.obj
s:\大二\大二上\程设\workspace\五子棋作业\x64\release\jugde3test.obj
s:\大二\大二上\程设\workspace\五子棋作业\x64\release\ai.obj
s:\大二\大二上\程设\workspace\五子棋作业\x64\release\test.obj
s:\大二\大二上\程设\workspace\五子棋作业\x64\release\五子棋作业.ipdb
s:\大二\大二上\程设\workspace\五子棋作业\x64\release\五子棋作业.iobj
s:\大二\大二上\程设\workspace\五子棋作业\x64\release\五子棋作业.exe
s:\大二\大二上\程设\workspace\五子棋作业\x64\release\五子棋作业.pdb
s:\大二\大二上\程设\workspace\五子棋作业\x64\release\五子棋作业.tlog\cl.command.1.tlog
s:\大二\大二上\程设\workspace\五子棋作业\x64\release\五子棋作业.tlog\cl.read.1.tlog
s:\大二\大二上\程设\workspace\五子棋作业\x64\release\五子棋作业.tlog\cl.write.1.tlog
s:\大二\大二上\程设\workspace\五子棋作业\x64\release\五子棋作业.tlog\link.command.1.tlog
s:\大二\大二上\程设\workspace\五子棋作业\x64\release\五子棋作业.tlog\link.read.1.tlog
s:\大二\大二上\程设\workspace\五子棋作业\x64\release\五子棋作业.tlog\link.write.1.tlog
s:\大二\大二上\程设\workspace\五子棋作业\x64\release\五子棋作业.tlog\link.write.2u.tlog
s:\大二\大二上\程设\workspace\五子棋作业\x64\release\五子棋作业.tlog\五子棋作业.write.1u.tlog
